1655209494142 POST /api/books/
1655209496370 GET /api/books/
1655209503716 GET /api/books/52f5a9ef-71fa-42d0-823e-f6884126511a
1655209507303 GET /api/books/52f5a9ef-71fa-42d0-823e-f6884126511a/download
1655209507309 GET /api/books/52f5a9ef-71fa-42d0-823e-f6884126511a/download/
1655209673411 POST /api/books/
1655209675703 GET /api/books/
1655209683433 GET /api/books/e80b285e-1cf4-4adb-9fd8-fb7c0727806e
1655209691533 GET /api/books/e80b285e-1cf4-4adb-9fd8-fb7c0727806e/download
1655209691539 GET /api/books/e80b285e-1cf4-4adb-9fd8-fb7c0727806e/download/
1655210924366 POST /api/books/
1655210926850 GET /api/books/
1655210934452 GET /api/books/a2af2821-5e8e-4672-97db-60131f570f96
1655210940302 GET /api/books/a2af2821-5e8e-4672-97db-60131f570f96/download
1655210940307 GET /api/books/a2af2821-5e8e-4672-97db-60131f570f96/download/
1655211211111 POST /api/books/
1655211213165 GET /api/books/
1655211220111 GET /api/books/541c96a4-b058-4993-a16c-2f6ba136f3cb
1655211224144 GET /api/books/541c96a4-b058-4993-a16c-2f6ba136f3cb/download
1655211252769 GET /load/test.txt
1655211524241 POST /api/books
1655211526712 GET /api/books
1655211533402 GET /api/books/00fbe97a-18a6-4814-92ff-49326fbb3793
1655211546623 GET /api/books/00fbe97a-18a6-4814-92ff-49326fbb3793/download
1655211584511 GET /api/books/00fbe97a-18a6-4814-92ff-49326fbb3793/download
1655211592117 GET /load/test.txt
1655211733092 POST /api/books/
1655211735930 GET /api/books/
1655211741232 GET /api/books/6a566de8-b51a-4bb3-9a8f-1ae339d87df4
1655211747028 GET /api/books/6a566de8-b51a-4bb3-9a8f-1ae339d87df4/download
1655211834980 POST /api/books/
1655211836886 GET /api/books/
1655211841700 GET /api/books/6e672561-b439-42e5-b560-063175545c27
1655211844795 GET /api/books/6e672561-b439-42e5-b560-063175545c27/download
1655211907964 POST /api/books/
1655211909828 GET /api/books/
1655211915706 GET /api/books/c29d80cd-4991-4957-818b-187920c241a5
1655211918400 GET /api/books/c29d80cd-4991-4957-818b-187920c241a5/download
1655211931791 GET /api/books/c29d80cd-4991-4957-818b-187920c241a5/download
1655211939814 GET /api/books/c29d80cd-4991-4957-818b-187920c241a5/download
1655211940713 GET /api/books/c29d80cd-4991-4957-818b-187920c241a5/download
1655211941206 GET /api/books/c29d80cd-4991-4957-818b-187920c241a5/download
1655211943932 GET /api/books/c29d80cd-4991-4957-818b-187920c241a5/download
1655211944701 GET /api/books/c29d80cd-4991-4957-818b-187920c241a5/download
1655211945328 GET /api/books/c29d80cd-4991-4957-818b-187920c241a5/download
1655211945924 GET /api/books/c29d80cd-4991-4957-818b-187920c241a5/download
1655211946452 GET /api/books/c29d80cd-4991-4957-818b-187920c241a5/download
1655211946825 GET /api/books/c29d80cd-4991-4957-818b-187920c241a5/download
1655211947299 GET /api/books/c29d80cd-4991-4957-818b-187920c241a5/download
1655211947608 GET /api/books/c29d80cd-4991-4957-818b-187920c241a5/download
1655211960803 GET /api/books/c29d80cd-4991-4957-818b-187920c241a5/download
1655211961790 GET /api/books/c29d80cd-4991-4957-818b-187920c241a5/download
1655211962516 GET /api/books/c29d80cd-4991-4957-818b-187920c241a5/download
1655211963020 GET /api/books/c29d80cd-4991-4957-818b-187920c241a5/download
1655211963586 GET /api/books/c29d80cd-4991-4957-818b-187920c241a5/download
1655211964266 GET /api/books/c29d80cd-4991-4957-818b-187920c241a5/download
1655211999552 GET /api/books/c29d80cd-4991-4957-818b-187920c241a5/download
1655212002247 GET /api/books/c29d80cd-4991-4957-818b-187920c241a5/download
1655212181888 POST /api/books/
1655212187147 GET /api/books/
1655212190828 GET /api/books/
1655212193272 POST /api/books/
1655212195203 GET /api/books/
1655212201051 GET /api/books/182d6915-d70e-494c-bfd2-15888415c1df
1655212205074 GET /api/books/182d6915-d70e-494c-bfd2-15888415c1df/download
1655212216676 GET /api/books/182d6915-d70e-494c-bfd2-15888415c1df/download
1655213300686 GET /api/books/182d6915-d70e-494c-bfd2-15888415c1df/download
1655213301850 GET /api/books/182d6915-d70e-494c-bfd2-15888415c1df/download
1655213304402 GET /api/books/182d6915-d70e-494c-bfd2-15888415c1df/download
1655213307546 GET /api/books/182d6915-d70e-494c-bfd2-15888415c1df/download
1655213319240 GET /api/books/182d6915-d70e-494c-bfd2-15888415c1df/download
1655213320800 GET /api/books/182d6915-d70e-494c-bfd2-15888415c1df/download
1655213321738 GET /api/books/182d6915-d70e-494c-bfd2-15888415c1df/download
1655213322785 GET /api/books/182d6915-d70e-494c-bfd2-15888415c1df/download
1655213616434 DELETE /api/books/182d6915-d70e-494c-bfd2-15888415c1df/
1655213620063 GET /api/books/182d6915-d70e-494c-bfd2-15888415c1df/
1655213623950 GET /api/books/
